<?xml version="1.0" encoding="UTF-8" ?>
<testsuite failures="0" time="7.85" errors="0" skipped="0" tests="23" name="es.udc.is.isg019.subastador.test.model.userservice.UserServiceTest">
  <properties>
[...]
</properties>
  <testcase time="6.625" classname="es.udc.is.isg019.subastador.test.model.userservice.UserServiceTest" name="testLoginIncorrectPasword"/>
  <testcase time="0.014" classname="es.udc.is.isg019.subastador.test.model.userservice.UserServiceTest" name="testLoginWithNonExistentUser"/>
  <testcase time="0.022" classname="es.udc.is.isg019.subastador.test.model.userservice.UserServiceTest" name="testFindNonExistentUser"/>
  <testcase time="0.126" classname="es.udc.is.isg019.subastador.test.model.userservice.UserServiceTest" name="testUpdate"/>
  <testcase time="0.009" classname="es.udc.is.isg019.subastador.test.model.userservice.UserServiceTest" name="testUpdateWithNonExistentUser"/>
  <testcase time="0.022" classname="es.udc.is.isg019.subastador.test.model.userservice.UserServiceTest" name="testChangePassword"/>
  <testcase time="0.015" classname="es.udc.is.isg019.subastador.test.model.userservice.UserServiceTest" name="testChangePasswordWithIncorrectPassword"/>
  <testcase time="0.013" classname="es.udc.is.isg019.subastador.test.model.userservice.UserServiceTest" name="testChangePasswordWithNonExistentUser"/>
  <testcase time="0.015" classname="es.udc.is.isg019.subastador.test.model.userservice.UserServiceTest" name="testRegisterUserAndFindUserProfile"/>
  <testcase time="0.041" classname="es.udc.is.isg019.subastador.test.model.userservice.UserServiceTest" name="testRegisterDuplicatedUser"/>
  <testcase time="0.05" classname="es.udc.is.isg019.subastador.test.model.userservice.UserServiceTest" name="testLoginClearPassword"/>
  <testcase time="0.018" classname="es.udc.is.isg019.subastador.test.model.userservice.UserServiceTest" name="testLoginEncryptedPassword"/>
  <testcase time="0.051" classname="es.udc.is.isg019.subastador.test.model.userservice.UserServiceTest" name="testRegisterTarjetaBancoAndFindTarjetaBanco"/>
  <testcase time="0.015" classname="es.udc.is.isg019.subastador.test.model.userservice.UserServiceTest" name="testRegisterTarjetaBancoWithIncorrectNumber"/>
  <testcase time="0.012" classname="es.udc.is.isg019.subastador.test.model.userservice.UserServiceTest" name="testRegisterTarjetaBancoWithNonExstentUsuario"/>
  <testcase time="0.022" classname="es.udc.is.isg019.subastador.test.model.userservice.UserServiceTest" name="testRegisterTwoTarjetaBanco"/>
  <testcase time="0.015" classname="es.udc.is.isg019.subastador.test.model.userservice.UserServiceTest" name="testUpdateTarjetaBanco"/>
  <testcase time="0.011" classname="es.udc.is.isg019.subastador.test.model.userservice.UserServiceTest" name="testUpdateNonExistentTarjetaBanco"/>
  <testcase time="0.041" classname="es.udc.is.isg019.subastador.test.model.userservice.UserServiceTest" name="testUpdateTarjetaBancoWithShorterNumbre"/>
  <testcase time="0.033" classname="es.udc.is.isg019.subastador.test.model.userservice.UserServiceTest" name="testUpdateTarjetaBancoWithLongerNumbre"/>
  <testcase time="0.052" classname="es.udc.is.isg019.subastador.test.model.userservice.UserServiceTest" name="testIsVendedor"/>
  <testcase time="0.01" classname="es.udc.is.isg019.subastador.test.model.userservice.UserServiceTest" name="testIsVendedorWithNonExistentUser"/>
  <testcase time="0.023" classname="es.udc.is.isg019.subastador.test.model.userservice.UserServiceTest" name="testIsNotVendedor"/>
</testsuite>